
PLAY [all] *********************************************************************

TASK [Gathering Facts] *********************************************************
ok: [postgrestestdb-01.infra-wallet.lokal]
ok: [postgrestestdb-02.infra-wallet.lokal]
ok: [postgrestestpgbouncer-02.infra-wallet.lokal]
ok: [postgrestestpgbouncer-01.infra-wallet.lokal]

TASK [/var/www/database-manager/storage/app/postgres/pgpool : Installing repository] ***
skipping: [postgrestestdb-01.infra-wallet.lokal]
skipping: [postgrestestdb-02.infra-wallet.lokal]
ok: [postgrestestpgbouncer-01.infra-wallet.lokal]
ok: [postgrestestpgbouncer-02.infra-wallet.lokal]

TASK [/var/www/database-manager/storage/app/postgres/pgpool : Installing pgpool-II-11 and some other tools] ***
skipping: [postgrestestdb-01.infra-wallet.lokal]
skipping: [postgrestestdb-02.infra-wallet.lokal]
changed: [postgrestestpgbouncer-02.infra-wallet.lokal]
changed: [postgrestestpgbouncer-01.infra-wallet.lokal]

TASK [/var/www/database-manager/storage/app/postgres/pgpool : Installing pgpool-II-11 and some other tools] ***
skipping: [postgrestestdb-01.infra-wallet.lokal]
skipping: [postgrestestdb-02.infra-wallet.lokal]
skipping: [postgrestestpgbouncer-01.infra-wallet.lokal]
skipping: [postgrestestpgbouncer-02.infra-wallet.lokal]

TASK [/var/www/database-manager/storage/app/postgres/pgpool : Installing pgpool-II-11 and some other tools] ***
skipping: [postgrestestdb-01.infra-wallet.lokal]
skipping: [postgrestestdb-02.infra-wallet.lokal]
ok: [postgrestestpgbouncer-01.infra-wallet.lokal]
ok: [postgrestestpgbouncer-02.infra-wallet.lokal]

TASK [/var/www/database-manager/storage/app/postgres/pgpool : Making pid directory] ***
skipping: [postgrestestdb-01.infra-wallet.lokal]
skipping: [postgrestestdb-02.infra-wallet.lokal]
ok: [postgrestestpgbouncer-01.infra-wallet.lokal]
ok: [postgrestestpgbouncer-02.infra-wallet.lokal]

TASK [/var/www/database-manager/storage/app/postgres/pgpool : Adding Scripts for Failover] ***
skipping: [postgrestestdb-01.infra-wallet.lokal] => (item=[u'scripts/failover.sh.j2', u'/etc/pgpool-II-11/failover.sh', u'0755']) 
skipping: [postgrestestdb-01.infra-wallet.lokal] => (item=[u'scripts/ip_w.j2', u'/usr/sbin/ip_w', u'0755']) 
skipping: [postgrestestdb-01.infra-wallet.lokal] => (item=[u'scripts/arping_w.j2', u'/usr/sbin/arping_w', u'0755']) 
skipping: [postgrestestdb-02.infra-wallet.lokal] => (item=[u'scripts/failover.sh.j2', u'/etc/pgpool-II-11/failover.sh', u'0755']) 
skipping: [postgrestestdb-02.infra-wallet.lokal] => (item=[u'scripts/ip_w.j2', u'/usr/sbin/ip_w', u'0755']) 
skipping: [postgrestestdb-02.infra-wallet.lokal] => (item=[u'scripts/arping_w.j2', u'/usr/sbin/arping_w', u'0755']) 
changed: [postgrestestpgbouncer-01.infra-wallet.lokal] => (item=[u'scripts/failover.sh.j2', u'/etc/pgpool-II-11/failover.sh', u'0755'])
changed: [postgrestestpgbouncer-02.infra-wallet.lokal] => (item=[u'scripts/failover.sh.j2', u'/etc/pgpool-II-11/failover.sh', u'0755'])
ok: [postgrestestpgbouncer-02.infra-wallet.lokal] => (item=[u'scripts/ip_w.j2', u'/usr/sbin/ip_w', u'0755'])
ok: [postgrestestpgbouncer-01.infra-wallet.lokal] => (item=[u'scripts/ip_w.j2', u'/usr/sbin/ip_w', u'0755'])
ok: [postgrestestpgbouncer-02.infra-wallet.lokal] => (item=[u'scripts/arping_w.j2', u'/usr/sbin/arping_w', u'0755'])
ok: [postgrestestpgbouncer-01.infra-wallet.lokal] => (item=[u'scripts/arping_w.j2', u'/usr/sbin/arping_w', u'0755'])

TASK [/var/www/database-manager/storage/app/postgres/pgpool : Adding line to pcp.conf] ***
skipping: [postgrestestdb-01.infra-wallet.lokal]
skipping: [postgrestestdb-02.infra-wallet.lokal]
changed: [postgrestestpgbouncer-01.infra-wallet.lokal]
changed: [postgrestestpgbouncer-02.infra-wallet.lokal]

TASK [/var/www/database-manager/storage/app/postgres/pgpool : Creating pool_passwd File] ***
skipping: [postgrestestdb-01.infra-wallet.lokal]
skipping: [postgrestestdb-02.infra-wallet.lokal]
changed: [postgrestestpgbouncer-01.infra-wallet.lokal]
changed: [postgrestestpgbouncer-02.infra-wallet.lokal]

TASK [/var/www/database-manager/storage/app/postgres/pgpool : Sending the pg_pool config file] ***
skipping: [postgrestestdb-01.infra-wallet.lokal]
skipping: [postgrestestdb-02.infra-wallet.lokal]
changed: [postgrestestpgbouncer-01.infra-wallet.lokal]
changed: [postgrestestpgbouncer-02.infra-wallet.lokal]

TASK [/var/www/database-manager/storage/app/postgres/pgpool : Insertng pgpool User Password to pool_passw] ***
skipping: [postgrestestdb-01.infra-wallet.lokal]
skipping: [postgrestestdb-02.infra-wallet.lokal]
changed: [postgrestestpgbouncer-02.infra-wallet.lokal]
changed: [postgrestestpgbouncer-01.infra-wallet.lokal]

TASK [/var/www/database-manager/storage/app/postgres/pgpool : Enabling pool_hba.conf] ***
skipping: [postgrestestdb-01.infra-wallet.lokal]
skipping: [postgrestestdb-02.infra-wallet.lokal]
changed: [postgrestestpgbouncer-01.infra-wallet.lokal]
changed: [postgrestestpgbouncer-02.infra-wallet.lokal]

TASK [/var/www/database-manager/storage/app/postgres/pgpool : Adding Hosts to pool_hba.conf] ***
skipping: [postgrestestdb-01.infra-wallet.lokal]
skipping: [postgrestestdb-02.infra-wallet.lokal]
changed: [postgrestestpgbouncer-01.infra-wallet.lokal]
changed: [postgrestestpgbouncer-02.infra-wallet.lokal]

TASK [/var/www/database-manager/storage/app/postgres/pgpool : Making the log directory] ***
skipping: [postgrestestdb-01.infra-wallet.lokal]
skipping: [postgrestestdb-02.infra-wallet.lokal]
ok: [postgrestestpgbouncer-01.infra-wallet.lokal]
ok: [postgrestestpgbouncer-02.infra-wallet.lokal]

TASK [/var/www/database-manager/storage/app/postgres/pgpool : Create the pgpool log file] ***
skipping: [postgrestestdb-01.infra-wallet.lokal]
skipping: [postgrestestdb-02.infra-wallet.lokal]
changed: [postgrestestpgbouncer-01.infra-wallet.lokal]
changed: [postgrestestpgbouncer-02.infra-wallet.lokal]

TASK [/var/www/database-manager/storage/app/postgres/pgpool : Adding Variable to rsyslog.conf] ***
skipping: [postgrestestdb-01.infra-wallet.lokal]
skipping: [postgrestestdb-02.infra-wallet.lokal]
ok: [postgrestestpgbouncer-01.infra-wallet.lokal]
ok: [postgrestestpgbouncer-02.infra-wallet.lokal]

TASK [/var/www/database-manager/storage/app/postgres/pgpool : Adding syslog for pgpool.log] ***
skipping: [postgrestestdb-01.infra-wallet.lokal]
skipping: [postgrestestdb-02.infra-wallet.lokal]
changed: [postgrestestpgbouncer-01.infra-wallet.lokal]
changed: [postgrestestpgbouncer-02.infra-wallet.lokal]

TASK [/var/www/database-manager/storage/app/postgres/pgpool : Re-configure pgpool.conf on slave] ***
skipping: [postgrestestdb-01.infra-wallet.lokal] => (item=[u'wd_priority = (.)*', u'wd_priority = 1']) 
skipping: [postgrestestdb-01.infra-wallet.lokal] => (item=[u'other_pgpool_hostname0 = (.)*', u"other_pgpool_hostname0 = '172.22.127.3'"]) 
skipping: [postgrestestdb-01.infra-wallet.lokal] => (item=[u'heartbeat_destination0 = (.)*', u"heartbeat_destination0 = '172.22.127.3'"]) 
skipping: [postgrestestdb-02.infra-wallet.lokal] => (item=[u'wd_priority = (.)*', u'wd_priority = 1']) 
skipping: [postgrestestdb-02.infra-wallet.lokal] => (item=[u'other_pgpool_hostname0 = (.)*', u"other_pgpool_hostname0 = '172.22.127.3'"]) 
skipping: [postgrestestdb-02.infra-wallet.lokal] => (item=[u'heartbeat_destination0 = (.)*', u"heartbeat_destination0 = '172.22.127.3'"]) 
skipping: [postgrestestpgbouncer-01.infra-wallet.lokal] => (item=[u'wd_priority = (.)*', u'wd_priority = 1']) 
skipping: [postgrestestpgbouncer-01.infra-wallet.lokal] => (item=[u'other_pgpool_hostname0 = (.)*', u"other_pgpool_hostname0 = '172.22.127.5'"]) 
skipping: [postgrestestpgbouncer-01.infra-wallet.lokal] => (item=[u'heartbeat_destination0 = (.)*', u"heartbeat_destination0 = '172.22.127.5'"]) 
changed: [postgrestestpgbouncer-02.infra-wallet.lokal] => (item=[u'wd_priority = (.)*', u'wd_priority = 1'])
changed: [postgrestestpgbouncer-02.infra-wallet.lokal] => (item=[u'other_pgpool_hostname0 = (.)*', u"other_pgpool_hostname0 = '172.22.127.5'"])
changed: [postgrestestpgbouncer-02.infra-wallet.lokal] => (item=[u'heartbeat_destination0 = (.)*', u"heartbeat_destination0 = '172.22.127.5'"])

TASK [/var/www/database-manager/storage/app/postgres/pgpool : Installing Repository] ***
skipping: [postgrestestdb-02.infra-wallet.lokal]
skipping: [postgrestestpgbouncer-01.infra-wallet.lokal]
skipping: [postgrestestpgbouncer-02.infra-wallet.lokal]
ok: [postgrestestdb-01.infra-wallet.lokal]

TASK [/var/www/database-manager/storage/app/postgres/pgpool : Installing pgpool-II-11-extension] ***
skipping: [postgrestestdb-02.infra-wallet.lokal]
skipping: [postgrestestpgbouncer-01.infra-wallet.lokal]
skipping: [postgrestestpgbouncer-02.infra-wallet.lokal]
ok: [postgrestestdb-01.infra-wallet.lokal]

TASK [/var/www/database-manager/storage/app/postgres/pgpool : Creating Extensions] ***
skipping: [postgrestestdb-02.infra-wallet.lokal]
skipping: [postgrestestpgbouncer-01.infra-wallet.lokal]
changed: [postgrestestdb-01.infra-wallet.lokal]
skipping: [postgrestestpgbouncer-02.infra-wallet.lokal]

TASK [/var/www/database-manager/storage/app/postgres/pgpool : postgresql_user] ***
skipping: [postgrestestdb-02.infra-wallet.lokal]
skipping: [postgrestestpgbouncer-01.infra-wallet.lokal]
changed: [postgrestestdb-01.infra-wallet.lokal]
skipping: [postgrestestpgbouncer-02.infra-wallet.lokal]

TASK [/var/www/database-manager/storage/app/postgres/pgpool : Making Difference of postgresql.conf on Master - hot_standby] ***
skipping: [postgrestestdb-02.infra-wallet.lokal]
changed: [postgrestestdb-01.infra-wallet.lokal]
skipping: [postgrestestpgbouncer-01.infra-wallet.lokal]
skipping: [postgrestestpgbouncer-02.infra-wallet.lokal]

TASK [/var/www/database-manager/storage/app/postgres/pgpool : Reloading postgresql] ***
skipping: [postgrestestdb-02.infra-wallet.lokal]
changed: [postgrestestdb-01.infra-wallet.lokal]
skipping: [postgrestestpgbouncer-01.infra-wallet.lokal]
skipping: [postgrestestpgbouncer-02.infra-wallet.lokal]

TASK [/var/www/database-manager/storage/app/postgres/pgpool : Labelling master host] ***
skipping: [postgrestestdb-02.infra-wallet.lokal]
changed: [postgrestestdb-01.infra-wallet.lokal]
skipping: [postgrestestpgbouncer-01.infra-wallet.lokal]
skipping: [postgrestestpgbouncer-02.infra-wallet.lokal]

TASK [/var/www/database-manager/storage/app/postgres/pgpool : Labelling secondary host] ***
skipping: [postgrestestdb-01.infra-wallet.lokal]
skipping: [postgrestestpgbouncer-01.infra-wallet.lokal]
changed: [postgrestestdb-02.infra-wallet.lokal]
skipping: [postgrestestpgbouncer-02.infra-wallet.lokal]

TASK [/var/www/database-manager/storage/app/postgres/pgpool : Adding trigger_file & restore_command to recovery.conf] ***
skipping: [postgrestestdb-01.infra-wallet.lokal] => (item=trigger_file = '/db/11/data/im_the_master') 
skipping: [postgrestestdb-01.infra-wallet.lokal] => (item=restore_command = 'cp /archive_log/pg_wals/%f "%p"') 
skipping: [postgrestestpgbouncer-01.infra-wallet.lokal] => (item=trigger_file = '/db/11/data/im_the_master') 
skipping: [postgrestestpgbouncer-01.infra-wallet.lokal] => (item=restore_command = 'cp /archive_log/pg_wals/%f "%p"') 
changed: [postgrestestdb-02.infra-wallet.lokal] => (item=trigger_file = '/db/11/data/im_the_master')
skipping: [postgrestestpgbouncer-02.infra-wallet.lokal] => (item=trigger_file = '/db/11/data/im_the_master') 
skipping: [postgrestestpgbouncer-02.infra-wallet.lokal] => (item=restore_command = 'cp /archive_log/pg_wals/%f "%p"') 
changed: [postgrestestdb-02.infra-wallet.lokal] => (item=restore_command = 'cp /archive_log/pg_wals/%f "%p"')

TASK [/var/www/database-manager/storage/app/postgres/pgpool : Enabling sudo postgresql-11.service for postgres] ***
changed: [postgrestestdb-01.infra-wallet.lokal]
skipping: [postgrestestpgbouncer-01.infra-wallet.lokal]
changed: [postgrestestdb-02.infra-wallet.lokal]
skipping: [postgrestestpgbouncer-02.infra-wallet.lokal]

TASK [/var/www/database-manager/storage/app/postgres/pgpool : Configuring postgresql-11] ***
changed: [postgrestestdb-01.infra-wallet.lokal]
skipping: [postgrestestpgbouncer-01.infra-wallet.lokal]
changed: [postgrestestdb-02.infra-wallet.lokal]
skipping: [postgrestestpgbouncer-02.infra-wallet.lokal]

TASK [/var/www/database-manager/storage/app/postgres/pgpool : Creating Directory for Adding Failover Scripts] ***
changed: [postgrestestdb-01.infra-wallet.lokal] => (item=replscripts)
skipping: [postgrestestpgbouncer-01.infra-wallet.lokal] => (item=replscripts) 
skipping: [postgrestestpgbouncer-01.infra-wallet.lokal] => (item=repltemplates) 
changed: [postgrestestdb-02.infra-wallet.lokal] => (item=replscripts)
skipping: [postgrestestpgbouncer-02.infra-wallet.lokal] => (item=replscripts) 
skipping: [postgrestestpgbouncer-02.infra-wallet.lokal] => (item=repltemplates) 
changed: [postgrestestdb-01.infra-wallet.lokal] => (item=repltemplates)
changed: [postgrestestdb-02.infra-wallet.lokal] => (item=repltemplates)

TASK [/var/www/database-manager/storage/app/postgres/pgpool : Adding Scripts to the Directory] ***
skipping: [postgrestestpgbouncer-01.infra-wallet.lokal] => (item=[u'scripts/replscripts/promote.sh.j2', u'/db/11/data/replscripts/promote.sh', u'0755']) 
skipping: [postgrestestpgbouncer-01.infra-wallet.lokal] => (item=[u'scripts/replscripts/disable_postgresql.sh.j2', u'/db/11/data/replscripts/disable_postgresql.sh', u'0755']) 
skipping: [postgrestestpgbouncer-02.infra-wallet.lokal] => (item=[u'scripts/replscripts/promote.sh.j2', u'/db/11/data/replscripts/promote.sh', u'0755']) 
skipping: [postgrestestpgbouncer-02.infra-wallet.lokal] => (item=[u'scripts/replscripts/disable_postgresql.sh.j2', u'/db/11/data/replscripts/disable_postgresql.sh', u'0755']) 
changed: [postgrestestdb-01.infra-wallet.lokal] => (item=[u'scripts/replscripts/promote.sh.j2', u'/db/11/data/replscripts/promote.sh', u'0755'])
changed: [postgrestestdb-02.infra-wallet.lokal] => (item=[u'scripts/replscripts/promote.sh.j2', u'/db/11/data/replscripts/promote.sh', u'0755'])
changed: [postgrestestdb-01.infra-wallet.lokal] => (item=[u'scripts/replscripts/disable_postgresql.sh.j2', u'/db/11/data/replscripts/disable_postgresql.sh', u'0755'])
changed: [postgrestestdb-02.infra-wallet.lokal] => (item=[u'scripts/replscripts/disable_postgresql.sh.j2', u'/db/11/data/replscripts/disable_postgresql.sh', u'0755'])

TASK [/var/www/database-manager/storage/app/postgres/pgpool : Adding Primary & Secondary Template postgresql.conf] ***
skipping: [postgrestestpgbouncer-01.infra-wallet.lokal] => (item=primary) 
skipping: [postgrestestpgbouncer-01.infra-wallet.lokal] => (item=secondary) 
skipping: [postgrestestpgbouncer-02.infra-wallet.lokal] => (item=primary) 
skipping: [postgrestestpgbouncer-02.infra-wallet.lokal] => (item=secondary) 
changed: [postgrestestdb-01.infra-wallet.lokal] => (item=primary)
changed: [postgrestestdb-02.infra-wallet.lokal] => (item=primary)
changed: [postgrestestdb-01.infra-wallet.lokal] => (item=secondary)
changed: [postgrestestdb-02.infra-wallet.lokal] => (item=secondary)

TASK [/var/www/database-manager/storage/app/postgres/pgpool : Editing the primary config file on the master] ***
skipping: [postgrestestdb-02.infra-wallet.lokal]
changed: [postgrestestdb-01.infra-wallet.lokal]
skipping: [postgrestestpgbouncer-01.infra-wallet.lokal]
skipping: [postgrestestpgbouncer-02.infra-wallet.lokal]

TASK [/var/www/database-manager/storage/app/postgres/pgpool : Reloading postgresql] ***
changed: [postgrestestdb-01.infra-wallet.lokal]
skipping: [postgrestestpgbouncer-01.infra-wallet.lokal]
skipping: [postgrestestpgbouncer-02.infra-wallet.lokal]
changed: [postgrestestdb-02.infra-wallet.lokal]

TASK [/var/www/database-manager/storage/app/postgres/pgpool : Making .ssh Directory] ***
changed: [postgrestestdb-01.infra-wallet.lokal]
changed: [postgrestestdb-02.infra-wallet.lokal]
changed: [postgrestestpgbouncer-01.infra-wallet.lokal]
changed: [postgrestestpgbouncer-02.infra-wallet.lokal]

TASK [/var/www/database-manager/storage/app/postgres/pgpool : Sharing ssh for All Hosts] ***
changed: [postgrestestdb-01.infra-wallet.lokal] => (item=id_rsa)
changed: [postgrestestdb-02.infra-wallet.lokal] => (item=id_rsa)
changed: [postgrestestpgbouncer-01.infra-wallet.lokal] => (item=id_rsa)
changed: [postgrestestdb-01.infra-wallet.lokal] => (item=id_rsa.pub)
changed: [postgrestestpgbouncer-02.infra-wallet.lokal] => (item=id_rsa)
changed: [postgrestestdb-02.infra-wallet.lokal] => (item=id_rsa.pub)
changed: [postgrestestpgbouncer-01.infra-wallet.lokal] => (item=id_rsa.pub)
changed: [postgrestestdb-01.infra-wallet.lokal] => (item=authorized_keys)
changed: [postgrestestpgbouncer-02.infra-wallet.lokal] => (item=id_rsa.pub)
changed: [postgrestestdb-02.infra-wallet.lokal] => (item=authorized_keys)
changed: [postgrestestpgbouncer-01.infra-wallet.lokal] => (item=authorized_keys)
changed: [postgrestestdb-01.infra-wallet.lokal] => (item=config)
changed: [postgrestestpgbouncer-02.infra-wallet.lokal] => (item=authorized_keys)
changed: [postgrestestdb-02.infra-wallet.lokal] => (item=config)
changed: [postgrestestpgbouncer-01.infra-wallet.lokal] => (item=config)
changed: [postgrestestpgbouncer-02.infra-wallet.lokal] => (item=config)

TASK [/var/www/database-manager/storage/app/postgres/pgpool : Adding Port for pgpool] ***
changed: [postgrestestdb-01.infra-wallet.lokal] => (item=firewall-cmd --add-port=9999/tcp --permanent)
changed: [postgrestestdb-02.infra-wallet.lokal] => (item=firewall-cmd --add-port=9999/tcp --permanent)
changed: [postgrestestpgbouncer-01.infra-wallet.lokal] => (item=firewall-cmd --add-port=9999/tcp --permanent)
changed: [postgrestestpgbouncer-02.infra-wallet.lokal] => (item=firewall-cmd --add-port=9999/tcp --permanent)
changed: [postgrestestdb-01.infra-wallet.lokal] => (item=firewall-cmd --add-port=9898/tcp --permanent)
changed: [postgrestestdb-02.infra-wallet.lokal] => (item=firewall-cmd --add-port=9898/tcp --permanent)
changed: [postgrestestpgbouncer-01.infra-wallet.lokal] => (item=firewall-cmd --add-port=9898/tcp --permanent)
changed: [postgrestestpgbouncer-02.infra-wallet.lokal] => (item=firewall-cmd --add-port=9898/tcp --permanent)
changed: [postgrestestdb-01.infra-wallet.lokal] => (item=firewall-cmd --add-port=9694/tcp --permanent)
changed: [postgrestestdb-02.infra-wallet.lokal] => (item=firewall-cmd --add-port=9694/tcp --permanent)
changed: [postgrestestpgbouncer-01.infra-wallet.lokal] => (item=firewall-cmd --add-port=9694/tcp --permanent)
changed: [postgrestestpgbouncer-02.infra-wallet.lokal] => (item=firewall-cmd --add-port=9694/tcp --permanent)
changed: [postgrestestdb-01.infra-wallet.lokal] => (item=firewall-cmd --add-port=9000/tcp --permanent)
changed: [postgrestestdb-02.infra-wallet.lokal] => (item=firewall-cmd --add-port=9000/tcp --permanent)
changed: [postgrestestpgbouncer-01.infra-wallet.lokal] => (item=firewall-cmd --add-port=9000/tcp --permanent)
changed: [postgrestestpgbouncer-02.infra-wallet.lokal] => (item=firewall-cmd --add-port=9000/tcp --permanent)
changed: [postgrestestdb-01.infra-wallet.lokal] => (item=firewall-cmd --reload)
changed: [postgrestestdb-02.infra-wallet.lokal] => (item=firewall-cmd --reload)
changed: [postgrestestpgbouncer-01.infra-wallet.lokal] => (item=firewall-cmd --reload)
changed: [postgrestestpgbouncer-02.infra-wallet.lokal] => (item=firewall-cmd --reload)

TASK [/var/www/database-manager/storage/app/postgres/pgpool : Writing .pgpass File for pg_basebackup] ***
skipping: [postgrestestdb-01.infra-wallet.lokal]
skipping: [postgrestestdb-02.infra-wallet.lokal]
ok: [postgrestestpgbouncer-01.infra-wallet.lokal]
ok: [postgrestestpgbouncer-02.infra-wallet.lokal]

TASK [/var/www/database-manager/storage/app/postgres/pgpool : Add user to pool_passwd] ***
skipping: [postgrestestdb-01.infra-wallet.lokal]
skipping: [postgrestestdb-02.infra-wallet.lokal]
changed: [postgrestestpgbouncer-01.infra-wallet.lokal]
changed: [postgrestestpgbouncer-02.infra-wallet.lokal]

TASK [/var/www/database-manager/storage/app/postgres/pgpool : Enabling and Starting pgpool-II] ***
skipping: [postgrestestdb-01.infra-wallet.lokal]
skipping: [postgrestestdb-02.infra-wallet.lokal]
changed: [postgrestestpgbouncer-01.infra-wallet.lokal]
changed: [postgrestestpgbouncer-02.infra-wallet.lokal]

TASK [/var/www/database-manager/storage/app/postgres/pgpool : Commands to be executed] ***
skipping: [postgrestestdb-01.infra-wallet.lokal] => (item=ln -s /etc/alternatives/pgpool-pcp_node_count /usr/sbin/pcp_node_count) 
skipping: [postgrestestdb-01.infra-wallet.lokal] => (item=ln -s /etc/alternatives/pgpool-pcp_node_info /usr/sbin/pcp_node_info) 
skipping: [postgrestestdb-01.infra-wallet.lokal] => (item=ln -s /etc/alternatives/pgpool-pcp_proc_count /usr/sbin/pcp_proc_count) 
skipping: [postgrestestdb-01.infra-wallet.lokal] => (item=ln -s /etc/alternatives/pgpool-pcp_proc_info /usr/sbin/pcp_proc_info) 
skipping: [postgrestestdb-01.infra-wallet.lokal] => (item=ln -s /etc/alternatives/pgpool-pcp_watchdog_info /usr/sbin/pcp_watchdog_info) 
skipping: [postgrestestdb-02.infra-wallet.lokal] => (item=ln -s /etc/alternatives/pgpool-pcp_node_count /usr/sbin/pcp_node_count) 
skipping: [postgrestestdb-02.infra-wallet.lokal] => (item=ln -s /etc/alternatives/pgpool-pcp_node_info /usr/sbin/pcp_node_info) 
skipping: [postgrestestdb-02.infra-wallet.lokal] => (item=ln -s /etc/alternatives/pgpool-pcp_proc_count /usr/sbin/pcp_proc_count) 
skipping: [postgrestestdb-02.infra-wallet.lokal] => (item=ln -s /etc/alternatives/pgpool-pcp_proc_info /usr/sbin/pcp_proc_info) 
skipping: [postgrestestdb-02.infra-wallet.lokal] => (item=ln -s /etc/alternatives/pgpool-pcp_watchdog_info /usr/sbin/pcp_watchdog_info) 
failed: [postgrestestpgbouncer-01.infra-wallet.lokal] (item=ln -s /etc/alternatives/pgpool-pcp_node_count /usr/sbin/pcp_node_count) => {"ansible_loop_var": "item", "changed": true, "cmd": ["ln", "-s", "/etc/alternatives/pgpool-pcp_node_count", "/usr/sbin/pcp_node_count"], "delta": "0:00:00.024242", "end": "2020-02-10 16:25:20.899832", "item": "ln -s /etc/alternatives/pgpool-pcp_node_count /usr/sbin/pcp_node_count", "msg": "non-zero return code", "rc": 1, "start": "2020-02-10 16:25:20.875590", "stderr": "ln: failed to create symbolic link ‘/usr/sbin/pcp_node_count’: File exists", "stderr_lines": ["ln: failed to create symbolic link ‘/usr/sbin/pcp_node_count’: File exists"], "stdout": "", "stdout_lines": []}
failed: [postgrestestpgbouncer-02.infra-wallet.lokal] (item=ln -s /etc/alternatives/pgpool-pcp_node_count /usr/sbin/pcp_node_count) => {"ansible_loop_var": "item", "changed": true, "cmd": ["ln", "-s", "/etc/alternatives/pgpool-pcp_node_count", "/usr/sbin/pcp_node_count"], "delta": "0:00:00.022859", "end": "2020-02-10 16:25:21.094450", "item": "ln -s /etc/alternatives/pgpool-pcp_node_count /usr/sbin/pcp_node_count", "msg": "non-zero return code", "rc": 1, "start": "2020-02-10 16:25:21.071591", "stderr": "ln: failed to create symbolic link ‘/usr/sbin/pcp_node_count’: File exists", "stderr_lines": ["ln: failed to create symbolic link ‘/usr/sbin/pcp_node_count’: File exists"], "stdout": "", "stdout_lines": []}
failed: [postgrestestpgbouncer-01.infra-wallet.lokal] (item=ln -s /etc/alternatives/pgpool-pcp_node_info /usr/sbin/pcp_node_info) => {"ansible_loop_var": "item", "changed": true, "cmd": ["ln", "-s", "/etc/alternatives/pgpool-pcp_node_info", "/usr/sbin/pcp_node_info"], "delta": "0:00:00.022746", "end": "2020-02-10 16:25:21.232993", "item": "ln -s /etc/alternatives/pgpool-pcp_node_info /usr/sbin/pcp_node_info", "msg": "non-zero return code", "rc": 1, "start": "2020-02-10 16:25:21.210247", "stderr": "ln: failed to create symbolic link ‘/usr/sbin/pcp_node_info’: File exists", "stderr_lines": ["ln: failed to create symbolic link ‘/usr/sbin/pcp_node_info’: File exists"], "stdout": "", "stdout_lines": []}
failed: [postgrestestpgbouncer-02.infra-wallet.lokal] (item=ln -s /etc/alternatives/pgpool-pcp_node_info /usr/sbin/pcp_node_info) => {"ansible_loop_var": "item", "changed": true, "cmd": ["ln", "-s", "/etc/alternatives/pgpool-pcp_node_info", "/usr/sbin/pcp_node_info"], "delta": "0:00:00.023166", "end": "2020-02-10 16:25:21.426283", "item": "ln -s /etc/alternatives/pgpool-pcp_node_info /usr/sbin/pcp_node_info", "msg": "non-zero return code", "rc": 1, "start": "2020-02-10 16:25:21.403117", "stderr": "ln: failed to create symbolic link ‘/usr/sbin/pcp_node_info’: File exists", "stderr_lines": ["ln: failed to create symbolic link ‘/usr/sbin/pcp_node_info’: File exists"], "stdout": "", "stdout_lines": []}
failed: [postgrestestpgbouncer-01.infra-wallet.lokal] (item=ln -s /etc/alternatives/pgpool-pcp_proc_count /usr/sbin/pcp_proc_count) => {"ansible_loop_var": "item", "changed": true, "cmd": ["ln", "-s", "/etc/alternatives/pgpool-pcp_proc_count", "/usr/sbin/pcp_proc_count"], "delta": "0:00:00.021938", "end": "2020-02-10 16:25:21.555063", "item": "ln -s /etc/alternatives/pgpool-pcp_proc_count /usr/sbin/pcp_proc_count", "msg": "non-zero return code", "rc": 1, "start": "2020-02-10 16:25:21.533125", "stderr": "ln: failed to create symbolic link ‘/usr/sbin/pcp_proc_count’: File exists", "stderr_lines": ["ln: failed to create symbolic link ‘/usr/sbin/pcp_proc_count’: File exists"], "stdout": "", "stdout_lines": []}
failed: [postgrestestpgbouncer-02.infra-wallet.lokal] (item=ln -s /etc/alternatives/pgpool-pcp_proc_count /usr/sbin/pcp_proc_count) => {"ansible_loop_var": "item", "changed": true, "cmd": ["ln", "-s", "/etc/alternatives/pgpool-pcp_proc_count", "/usr/sbin/pcp_proc_count"], "delta": "0:00:00.021069", "end": "2020-02-10 16:25:21.754276", "item": "ln -s /etc/alternatives/pgpool-pcp_proc_count /usr/sbin/pcp_proc_count", "msg": "non-zero return code", "rc": 1, "start": "2020-02-10 16:25:21.733207", "stderr": "ln: failed to create symbolic link ‘/usr/sbin/pcp_proc_count’: File exists", "stderr_lines": ["ln: failed to create symbolic link ‘/usr/sbin/pcp_proc_count’: File exists"], "stdout": "", "stdout_lines": []}
failed: [postgrestestpgbouncer-01.infra-wallet.lokal] (item=ln -s /etc/alternatives/pgpool-pcp_proc_info /usr/sbin/pcp_proc_info) => {"ansible_loop_var": "item", "changed": true, "cmd": ["ln", "-s", "/etc/alternatives/pgpool-pcp_proc_info", "/usr/sbin/pcp_proc_info"], "delta": "0:00:00.021798", "end": "2020-02-10 16:25:21.889122", "item": "ln -s /etc/alternatives/pgpool-pcp_proc_info /usr/sbin/pcp_proc_info", "msg": "non-zero return code", "rc": 1, "start": "2020-02-10 16:25:21.867324", "stderr": "ln: failed to create symbolic link ‘/usr/sbin/pcp_proc_info’: File exists", "stderr_lines": ["ln: failed to create symbolic link ‘/usr/sbin/pcp_proc_info’: File exists"], "stdout": "", "stdout_lines": []}
failed: [postgrestestpgbouncer-01.infra-wallet.lokal] (item=ln -s /etc/alternatives/pgpool-pcp_watchdog_info /usr/sbin/pcp_watchdog_info) => {"ansible_loop_var": "item", "changed": true, "cmd": ["ln", "-s", "/etc/alternatives/pgpool-pcp_watchdog_info", "/usr/sbin/pcp_watchdog_info"], "delta": "0:00:00.021642", "end": "2020-02-10 16:25:22.207922", "item": "ln -s /etc/alternatives/pgpool-pcp_watchdog_info /usr/sbin/pcp_watchdog_info", "msg": "non-zero return code", "rc": 1, "start": "2020-02-10 16:25:22.186280", "stderr": "ln: failed to create symbolic link ‘/usr/sbin/pcp_watchdog_info’: File exists", "stderr_lines": ["ln: failed to create symbolic link ‘/usr/sbin/pcp_watchdog_info’: File exists"], "stdout": "", "stdout_lines": []}
...ignoring
failed: [postgrestestpgbouncer-02.infra-wallet.lokal] (item=ln -s /etc/alternatives/pgpool-pcp_proc_info /usr/sbin/pcp_proc_info) => {"ansible_loop_var": "item", "changed": true, "cmd": ["ln", "-s", "/etc/alternatives/pgpool-pcp_proc_info", "/usr/sbin/pcp_proc_info"], "delta": "0:00:01.022943", "end": "2020-02-10 16:25:23.077177", "item": "ln -s /etc/alternatives/pgpool-pcp_proc_info /usr/sbin/pcp_proc_info", "msg": "non-zero return code", "rc": 1, "start": "2020-02-10 16:25:22.054234", "stderr": "ln: failed to create symbolic link ‘/usr/sbin/pcp_proc_info’: File exists", "stderr_lines": ["ln: failed to create symbolic link ‘/usr/sbin/pcp_proc_info’: File exists"], "stdout": "", "stdout_lines": []}
failed: [postgrestestpgbouncer-02.infra-wallet.lokal] (item=ln -s /etc/alternatives/pgpool-pcp_watchdog_info /usr/sbin/pcp_watchdog_info) => {"ansible_loop_var": "item", "changed": true, "cmd": ["ln", "-s", "/etc/alternatives/pgpool-pcp_watchdog_info", "/usr/sbin/pcp_watchdog_info"], "delta": "0:00:00.022721", "end": "2020-02-10 16:25:23.419216", "item": "ln -s /etc/alternatives/pgpool-pcp_watchdog_info /usr/sbin/pcp_watchdog_info", "msg": "non-zero return code", "rc": 1, "start": "2020-02-10 16:25:23.396495", "stderr": "ln: failed to create symbolic link ‘/usr/sbin/pcp_watchdog_info’: File exists", "stderr_lines": ["ln: failed to create symbolic link ‘/usr/sbin/pcp_watchdog_info’: File exists"], "stdout": "", "stdout_lines": []}
...ignoring

TASK [/var/www/database-manager/storage/app/postgres/pgpool : Creating exporter directory] ***
skipping: [postgrestestdb-01.infra-wallet.lokal]
skipping: [postgrestestdb-02.infra-wallet.lokal]
changed: [postgrestestpgbouncer-01.infra-wallet.lokal]
changed: [postgrestestpgbouncer-02.infra-wallet.lokal]

TASK [/var/www/database-manager/storage/app/postgres/pgpool : Download pgpool exporter] ***
skipping: [postgrestestdb-01.infra-wallet.lokal]
skipping: [postgrestestdb-02.infra-wallet.lokal]
changed: [postgrestestpgbouncer-02.infra-wallet.lokal]
changed: [postgrestestpgbouncer-01.infra-wallet.lokal]

TASK [/var/www/database-manager/storage/app/postgres/pgpool : Unarchive exporter] ***
skipping: [postgrestestdb-01.infra-wallet.lokal]
skipping: [postgrestestdb-02.infra-wallet.lokal]
changed: [postgrestestpgbouncer-01.infra-wallet.lokal]
changed: [postgrestestpgbouncer-02.infra-wallet.lokal]

TASK [/var/www/database-manager/storage/app/postgres/pgpool : Changing ownership of exporter folder] ***
skipping: [postgrestestdb-01.infra-wallet.lokal]
skipping: [postgrestestdb-02.infra-wallet.lokal]
changed: [postgrestestpgbouncer-01.infra-wallet.lokal]
changed: [postgrestestpgbouncer-02.infra-wallet.lokal]

TASK [/var/www/database-manager/storage/app/postgres/pgpool : Place the service file] ***
skipping: [postgrestestdb-01.infra-wallet.lokal]
skipping: [postgrestestdb-02.infra-wallet.lokal]
ok: [postgrestestpgbouncer-01.infra-wallet.lokal]
ok: [postgrestestpgbouncer-02.infra-wallet.lokal]

TASK [/var/www/database-manager/storage/app/postgres/pgpool : Starting pgpool exp] ***
skipping: [postgrestestdb-01.infra-wallet.lokal]
skipping: [postgrestestdb-02.infra-wallet.lokal]
changed: [postgrestestpgbouncer-01.infra-wallet.lokal]
changed: [postgrestestpgbouncer-02.infra-wallet.lokal]

TASK [/var/www/database-manager/storage/app/postgres/pgpool : Cleanup tar] *****
skipping: [postgrestestdb-01.infra-wallet.lokal]
skipping: [postgrestestdb-02.infra-wallet.lokal]
changed: [postgrestestpgbouncer-01.infra-wallet.lokal]
changed: [postgrestestpgbouncer-02.infra-wallet.lokal]

RUNNING HANDLER [/var/www/database-manager/storage/app/postgres/pgpool : restarting postgresql] ***
changed: [postgrestestdb-02.infra-wallet.lokal]

PLAY RECAP *********************************************************************
postgrestestdb-01.infra-wallet.lokal : ok=18   changed=15   unreachable=0    failed=0    skipped=30   rescued=0    ignored=0   
postgrestestdb-02.infra-wallet.lokal : ok=13   changed=12   unreachable=0    failed=0    skipped=36   rescued=0    ignored=0   
postgrestestpgbouncer-01.infra-wallet.lokal : ok=30   changed=22   unreachable=0    failed=0    skipped=18   rescued=0    ignored=1   
postgrestestpgbouncer-02.infra-wallet.lokal : ok=31   changed=23   unreachable=0    failed=0    skipped=17   rescued=0    ignored=1   

